<?xml version="1.0" encoding="UTF-8"?>
<!-- Generated by org.testng.reporters.JUnitReportReporter -->
<testsuite hostname="DESKTOP-BRH13PM" failures="0" tests="1" name="arrayProgram.test" time="0.021" errors="0" timestamp="2022-10-17T18:26:56 IST" skipped="0">
  <testcase classname="arrayProgram.test" name="method1" time="0.021"/>
  <system-out/>
</testsuite> <!-- arrayProgram.test -->
